<?xml version="1.0" encoding="UTF-8"?>
<robot generator="Robot 7.2 (Python 3.13.0 on win32)" generated="2025-01-31T13:55:24.909638" rpa="false" schemaversion="5">
<suite id="s1" name="Wiki" source="F:\_wipro_711\NMS\Assigns\robot_framwork\wiki.robot">
<test id="s1-t1" name="wikipedia Test" line="11">
<try>
<branch type="TRY">
<kw name="Open Browser" owner="SeleniumLibrary">
<msg time="2025-01-31T13:55:25.385107" level="INFO">Opening browser 'chrome' to base url 'https://www.wikipedia.org/'.</msg>
<arg>https://www.wikipedia.org/</arg>
<arg>chrome</arg>
<doc>Opens a new browser instance to the optional ``url``.</doc>
<status status="PASS" start="2025-01-31T13:55:25.384438" elapsed="9.189307"/>
</kw>
<kw name="Input Text" owner="SeleniumLibrary">
<msg time="2025-01-31T13:55:34.575695" level="INFO">Typing text 'Madhya pradesh' into text field 'xpath=//*[@id="searchInput"]'.</msg>
<arg>xpath=//*[@id="searchInput"]</arg>
<arg>Madhya pradesh</arg>
<doc>Types the given ``text`` into the text field identified by ``locator``.</doc>
<status status="PASS" start="2025-01-31T13:55:34.574532" elapsed="0.335010"/>
</kw>
<kw name="Click Button" owner="SeleniumLibrary">
<msg time="2025-01-31T13:55:34.910560" level="INFO">Clicking button 'xpath=//*[@id="search-form"]/fieldset/button'.</msg>
<arg>xpath=//*[@id="search-form"]/fieldset/button</arg>
<doc>Clicks the button identified by ``locator``.</doc>
<status status="PASS" start="2025-01-31T13:55:34.910030" elapsed="5.206299"/>
</kw>
<kw name="Sleep" owner="BuiltIn">
<msg time="2025-01-31T13:55:43.118348" level="INFO">Slept 3 seconds.</msg>
<arg>3</arg>
<doc>Pauses the test executed for the given time.</doc>
<status status="PASS" start="2025-01-31T13:55:40.117261" elapsed="3.001482"/>
</kw>
<kw name="Page Should Contain Image" owner="SeleniumLibrary">
<msg time="2025-01-31T13:55:43.181895" level="INFO">Current page contains image 'xpath=//*[@id="mw-content-text"]/div[1]/table[1]/tbody/tr[5]/td/div/div/div/span/a/img'.</msg>
<arg>${img}</arg>
<doc>Verifies image identified by ``locator`` is found from current page.</doc>
<status status="PASS" start="2025-01-31T13:55:43.119826" elapsed="0.062381"/>
</kw>
<kw name="Element Should Be Visible" owner="SeleniumLibrary">
<msg time="2025-01-31T13:55:43.253590" level="INFO">Element 'xpath=//*[@id="mw-content-text"]/div[1]/table[1]/tbody/tr[5]/td/div/div/div/span/a/img' is displayed.</msg>
<arg>${img}</arg>
<doc>Verifies that the element identified by ``locator`` is visible.</doc>
<status status="PASS" start="2025-01-31T13:55:43.182584" elapsed="0.071293"/>
</kw>
<kw name="Get Element Attribute" owner="SeleniumLibrary">
<msg time="2025-01-31T13:55:43.254164" level="WARN">Keyword 'Get Element Attribute' found both from a custom library 'SeleniumLibrary' and a standard library 'XML'. The custom keyword is used. To select explicitly, and to get rid of this warning, use either 'SeleniumLibrary.Get Element Attribute' or 'XML.Get Element Attribute'.</msg>
<msg time="2025-01-31T13:55:43.342994" level="INFO">${image_url} = https://upload.wikimedia.org/wikipedia/commons/thumb/a/ae/Emblem_of_Madhya_Pradesh.svg/125px-Emblem_of_Madhya_Pradesh.svg.png</msg>
<var>${image_url}</var>
<arg>${img}</arg>
<arg>src</arg>
<doc>Returns the value of ``attribute`` from the element ``locator``.</doc>
<status status="PASS" start="2025-01-31T13:55:43.254275" elapsed="0.088934"/>
</kw>
<kw name="Log To Console" owner="BuiltIn">
<arg>${image_url}</arg>
<doc>Logs the given message to the console.</doc>
<status status="PASS" start="2025-01-31T13:55:43.343982" elapsed="0.001992"/>
</kw>
<kw name="Run Process" owner="Process">
<msg time="2025-01-31T13:55:43.347701" level="INFO">Starting process:
curl -o logo.png https://upload.wikimedia.org/wikipedia/commons/thumb/a/ae/Emblem_of_Madhya_Pradesh.svg/125px-Emblem_of_Madhya_Pradesh.svg.png</msg>
<msg time="2025-01-31T13:55:43.369170" level="INFO">Waiting for process to complete.</msg>
<msg time="2025-01-31T13:55:44.843672" level="INFO">Process completed.</msg>
<arg>curl</arg>
<arg>-o</arg>
<arg>logo.png</arg>
<arg>${image_url}</arg>
<doc>Runs a process and waits for it to complete.</doc>
<status status="PASS" start="2025-01-31T13:55:43.346704" elapsed="1.497563"/>
</kw>
<kw name="Get Text" owner="SeleniumLibrary">
<msg time="2025-01-31T13:55:45.015832" level="INFO">${get_text} = Madhya Pradesh (/ˌmɑːdjə prəˈdɛʃ/;[9] Hindi: [ˈməd̪ʱjə pɾəˈd̪eːʃ] ⓘ; lit. 'Central Province') is a state in central India. Its capital is Bhopal, and its largest city is Indore. Other major cities of ...</msg>
<var>${get_text}</var>
<arg>xpath=//*[@id="mw-content-text"]/div[1]/p[2]</arg>
<doc>Returns the text value of the element identified by ``locator``.</doc>
<status status="PASS" start="2025-01-31T13:55:44.845149" elapsed="0.171102"/>
</kw>
<kw name="Log" owner="BuiltIn">
<msg time="2025-01-31T13:55:45.018704" level="INFO">Madhya Pradesh (/ˌmɑːdjə prəˈdɛʃ/;[9] Hindi: [ˈməd̪ʱjə pɾəˈd̪eːʃ] ⓘ; lit. 'Central Province') is a state in central India. Its capital is Bhopal, and its largest city is Indore. Other major cities of the state are Jabalpur and Gwalior. Madhya Pradesh is the second largest Indian state by area and the fifth largest state by population with over 72 million residents. It borders the states of Uttar Pradesh to the northeast, Chhattisgarh to the east, Maharashtra to the south, Gujarat to the west, and Rajasthan to the northwest.[10]</msg>
<arg>${get_text}</arg>
<doc>Logs the given message with the given level.</doc>
<status status="PASS" start="2025-01-31T13:55:45.017911" elapsed="0.001139"/>
</kw>
<kw name="Create File" owner="OperatingSystem">
<msg time="2025-01-31T13:55:45.022733" level="INFO" html="true">Created file '&lt;a href="file://F:\_wipro_711\NMS\Assigns\robot_framwork\wiki.txt"&gt;F:\_wipro_711\NMS\Assigns\robot_framwork\wiki.txt&lt;/a&gt;'.</msg>
<arg>F:\\_wipro_711\\NMS\\Assigns\\robot_framwork/wiki.txt</arg>
<arg>${get_text}</arg>
<doc>Creates a file with the given content and encoding.</doc>
<status status="PASS" start="2025-01-31T13:55:45.019625" elapsed="0.003814"/>
</kw>
<kw name="Sleep" owner="BuiltIn">
<msg time="2025-01-31T13:55:48.028282" level="INFO">Slept 3 seconds.</msg>
<arg>3</arg>
<doc>Pauses the test executed for the given time.</doc>
<status status="PASS" start="2025-01-31T13:55:45.026023" elapsed="3.002917"/>
</kw>
<status status="PASS" start="2025-01-31T13:55:25.382194" elapsed="22.647095"/>
</branch>
<branch type="EXCEPT">
<pattern>message</pattern>
<kw name="Log" owner="BuiltIn">
<arg>message</arg>
<doc>Logs the given message with the given level.</doc>
<status status="NOT RUN" start="2025-01-31T13:55:48.072390" elapsed="0.000190"/>
</kw>
<status status="NOT RUN" start="2025-01-31T13:55:48.069898" elapsed="0.002870"/>
</branch>
<branch type="FINALLY">
<kw name="Close All Browsers" owner="SeleniumLibrary">
<doc>Closes all open browsers and resets the browser cache.</doc>
<status status="PASS" start="2025-01-31T13:55:48.073596" elapsed="7.122333"/>
</kw>
<status status="PASS" start="2025-01-31T13:55:48.073082" elapsed="7.122959"/>
</branch>
<status status="PASS" start="2025-01-31T13:55:25.381053" elapsed="29.815048"/>
</try>
<status status="PASS" start="2025-01-31T13:55:25.380199" elapsed="29.816477"/>
</test>
<test id="s1-t2" name="Wiki Checkbox" line="33">
<kw name="Select Language Wiki">
<try>
<branch type="TRY">
<kw name="Open Browser" owner="SeleniumLibrary">
<msg time="2025-01-31T13:55:55.199524" level="INFO">Opening browser 'chrome' to base url 'https://www.wikipedia.org/wiki/India'.</msg>
<arg>https://www.wikipedia.org/wiki/India</arg>
<arg>chrome</arg>
<doc>Opens a new browser instance to the optional ``url``.</doc>
<status status="PASS" start="2025-01-31T13:55:55.199321" elapsed="8.801206"/>
</kw>
<kw name="Mouse Over" owner="SeleniumLibrary">
<msg time="2025-01-31T13:56:04.001380" level="INFO">Simulating Mouse Over on element 'xpath=//*[@id="p-lang-btn-checkbox"]'.</msg>
<arg>xpath=//*[@id="p-lang-btn-checkbox"]</arg>
<doc>Simulates hovering the mouse over the element ``locator``.</doc>
<status status="PASS" start="2025-01-31T13:56:04.000872" elapsed="0.606006"/>
</kw>
<kw name="Click Element" owner="SeleniumLibrary">
<msg time="2025-01-31T13:56:04.607520" level="INFO">Clicking element 'xpath=//*[@id="p-lang-btn-checkbox"]'.</msg>
<arg>xpath=//*[@id="p-lang-btn-checkbox"]</arg>
<doc>Click the element identified by ``locator``.</doc>
<status status="PASS" start="2025-01-31T13:56:04.607265" elapsed="0.170710"/>
</kw>
<kw name="Wait Until Element Is Visible" owner="SeleniumLibrary">
<arg>xpath=/html/body/div[1]/div[2]</arg>
<arg>3s</arg>
<doc>Waits until the element ``locator`` is visible.</doc>
<status status="PASS" start="2025-01-31T13:56:04.778304" elapsed="1.055227"/>
</kw>
<kw name="Get WebElements" owner="SeleniumLibrary">
<msg time="2025-01-31T13:56:05.952889" level="INFO">${elem} = [&lt;selenium.webdriver.remote.webelement.WebElement (session="f1affe8dfd36877c861ce511ea6b2e77", element="f.2110B5E835538CE7B1347E491C103E7A.d.CCD166E6C7803CFE53B7C028F3C28217.e.148")&gt;]</msg>
<var>${elem}</var>
<arg>xpath=/html/body/div[1]/div[2]</arg>
<doc>Returns a list of WebElement objects matching the ``locator``.</doc>
<status status="PASS" start="2025-01-31T13:56:05.834368" elapsed="0.118655"/>
</kw>
<kw name="Log To Console" owner="BuiltIn">
<arg>${elem}</arg>
<doc>Logs the given message to the console.</doc>
<status status="PASS" start="2025-01-31T13:56:05.953536" elapsed="0.001595"/>
</kw>
<kw name="Split String" owner="String">
<msg time="2025-01-31T13:56:05.956371" level="FAIL">AttributeError: 'list' object has no attribute 'split'</msg>
<var>${elem}</var>
<arg>${elem}</arg>
<arg>\n</arg>
<doc>Splits the ``string`` using ``separator`` as a delimiter string.</doc>
<status status="FAIL" start="2025-01-31T13:56:05.955656" elapsed="0.004281">AttributeError: 'list' object has no attribute 'split'</status>
</kw>
<for flavor="IN">
<iter>
<kw name="Get Text" owner="SeleniumLibrary">
<var>${t}</var>
<arg>${element}</arg>
<doc>Returns the text value of the element identified by ``locator``.</doc>
<status status="NOT RUN" start="2025-01-31T13:56:05.961868" elapsed="0.000149"/>
</kw>
<kw name="Strip String" owner="String">
<var>${t}</var>
<arg>${t}</arg>
<doc>Remove leading and/or trailing whitespaces from the given string.</doc>
<status status="NOT RUN" start="2025-01-31T13:56:05.962669" elapsed="0.000149"/>
</kw>
<kw name="Convert To Lower Case" owner="String">
<var>${t}</var>
<arg>${t}</arg>
<doc>Converts string to lower case.</doc>
<status status="NOT RUN" start="2025-01-31T13:56:05.963320" elapsed="0.000187"/>
</kw>
<kw name="Convert To Lower Case" owner="String">
<var>${lang_lower}</var>
<arg>${lang}</arg>
<doc>Converts string to lower case.</doc>
<status status="NOT RUN" start="2025-01-31T13:56:05.964076" elapsed="0.000167"/>
</kw>
<kw name="Log To Console" owner="BuiltIn">
<arg>"Extracted: [${t}] | Expected: [${lang_lower}]"</arg>
<doc>Logs the given message to the console.</doc>
<status status="NOT RUN" start="2025-01-31T13:56:05.964741" elapsed="0.000178"/>
</kw>
<if>
<branch type="IF" condition="'${t}' == '${lang_lower}'">
<kw name="Log To Console" owner="BuiltIn">
<arg>${t}</arg>
<doc>Logs the given message to the console.</doc>
<status status="NOT RUN" start="2025-01-31T13:56:05.966631" elapsed="0.000184"/>
</kw>
<break>
<status status="NOT RUN" start="2025-01-31T13:56:05.967189" elapsed="0.000208"/>
</break>
<status status="NOT RUN" start="2025-01-31T13:56:05.965905" elapsed="0.001683"/>
</branch>
<status status="NOT RUN" start="2025-01-31T13:56:05.965694" elapsed="0.002109"/>
</if>
<var name="${element}"/>
<status status="NOT RUN" start="2025-01-31T13:56:05.961476" elapsed="0.006470"/>
</iter>
<var>${element}</var>
<value>@{elem}</value>
<status status="NOT RUN" start="2025-01-31T13:56:05.960557" elapsed="0.007685"/>
</for>
<kw name="Log To Console" owner="BuiltIn">
<arg>${elem}</arg>
<doc>Logs the given message to the console.</doc>
<status status="NOT RUN" start="2025-01-31T13:56:05.968755" elapsed="0.000228"/>
</kw>
<status status="FAIL" start="2025-01-31T13:55:55.199161" elapsed="10.770133">AttributeError: 'list' object has no attribute 'split'</status>
</branch>
<branch type="EXCEPT" assign="${error}">
<kw name="Log" owner="BuiltIn">
<msg time="2025-01-31T13:56:05.970561" level="INFO">Registration failed: AttributeError: 'list' object has no attribute 'split'</msg>
<arg>Registration failed: ${error}</arg>
<doc>Logs the given message with the given level.</doc>
<status status="PASS" start="2025-01-31T13:56:05.969977" elapsed="0.000737"/>
</kw>
<status status="PASS" start="2025-01-31T13:56:05.969575" elapsed="0.001260"/>
</branch>
<branch type="FINALLY">
<kw name="Close All Browsers" owner="SeleniumLibrary">
<doc>Closes all open browsers and resets the browser cache.</doc>
<status status="PASS" start="2025-01-31T13:56:05.971240" elapsed="2.564436"/>
</kw>
<status status="PASS" start="2025-01-31T13:56:05.971005" elapsed="2.564787"/>
</branch>
<status status="PASS" start="2025-01-31T13:55:55.199117" elapsed="13.336739"/>
</try>
<status status="PASS" start="2025-01-31T13:55:55.198808" elapsed="13.337143"/>
</kw>
<status status="PASS" start="2025-01-31T13:55:55.197924" elapsed="13.338438"/>
</test>
<status status="PASS" start="2025-01-31T13:55:24.911944" elapsed="43.625878"/>
</suite>
<statistics>
<total>
<stat pass="2" fail="0" skip="0">All Tests</stat>
</total>
<tag>
</tag>
<suite>
<stat name="Wiki" id="s1" pass="2" fail="0" skip="0">Wiki</stat>
</suite>
</statistics>
<errors>
<msg time="2025-01-31T13:55:43.254164" level="WARN">Keyword 'Get Element Attribute' found both from a custom library 'SeleniumLibrary' and a standard library 'XML'. The custom keyword is used. To select explicitly, and to get rid of this warning, use either 'SeleniumLibrary.Get Element Attribute' or 'XML.Get Element Attribute'.</msg>
</errors>
</robot>
