<?xml version="1.0" encoding="UTF-8"?>
<robot generator="Robot 7.2 (Python 3.13.0 on win32)" generated="2025-01-30T10:50:29.521250" rpa="false" schemaversion="5">
<suite id="s1" name="First" source="f:\_wipro_711\NMS\Assigns\robot_framwork\first.robot">
<test id="s1-t1" name="MyFirstTest" line="2">
<kw name="Log" owner="BuiltIn">
<msg time="2025-01-30T10:50:29.636954" level="INFO">Hello World!!!</msg>
<arg>Hello World!!!</arg>
<doc>Logs the given message with the given level.</doc>
<status status="PASS" start="2025-01-30T10:50:29.634458" elapsed="0.023976"/>
</kw>
<status status="PASS" start="2025-01-30T10:50:29.631985" elapsed="0.067847"/>
</test>
<status status="PASS" start="2025-01-30T10:50:29.553194" elapsed="0.209145"/>
</suite>
<statistics>
<total>
<stat pass="1" fail="0" skip="0">All Tests</stat>
</total>
<tag>
</tag>
<suite>
<stat name="First" id="s1" pass="1" fail="0" skip="0">First</stat>
</suite>
</statistics>
<errors>
</errors>
</robot>
