<?xml version="1.0" encoding="UTF-8"?>
<robot generator="Robot 7.2 (Python 3.13.0 on win32)" generated="2025-01-30T17:29:44.611247" rpa="false" schemaversion="5">
<suite id="s1" name="Edureka" source="f:\_wipro_711\NMS\Assigns\robot_framwork\edureka.robot">
<test id="s1-t1" name="Bullet Test" line="12">
<try>
<branch type="TRY">
<kw name="Open Browser" owner="SeleniumLibrary">
<msg time="2025-01-30T17:29:47.157680" level="INFO">Opening browser 'chrome' to base url 'https://www.edureka.co/blog/acceptance-testing/'.</msg>
<arg>${url}</arg>
<arg>chrome</arg>
<doc>Opens a new browser instance to the optional ``url``.</doc>
<status status="PASS" start="2025-01-30T17:29:47.148389" elapsed="20.249621"/>
</kw>
<kw name="Maximize Browser Window" owner="SeleniumLibrary">
<doc>Maximizes current browser window.</doc>
<status status="PASS" start="2025-01-30T17:30:07.400697" elapsed="0.319634"/>
</kw>
<kw name="Get Text" owner="SeleniumLibrary">
<msg time="2025-01-30T17:30:07.953452" level="INFO">${get_text} = Acceptance criteria is defined on the basis of the following:
● Data Integrity
● Usability
● Performance
● Scalability
● Documentation
● Functional Correctness and Completeness
● Confidentiality and A...</msg>
<var>${get_text}</var>
<arg>xpath=${path}</arg>
<doc>Returns the text value of the element identified by ``locator``.</doc>
<status status="PASS" start="2025-01-30T17:30:07.724564" elapsed="0.230282"/>
</kw>
<kw name="Log" owner="BuiltIn">
<msg time="2025-01-30T17:30:07.958810" level="INFO">Acceptance criteria is defined on the basis of the following:
● Data Integrity
● Usability
● Performance
● Scalability
● Documentation
● Functional Correctness and Completeness
● Confidentiality and Availability
● Data Conversion
● Timeliness</msg>
<arg>${get_text}</arg>
<doc>Logs the given message with the given level.</doc>
<status status="PASS" start="2025-01-30T17:30:07.956650" elapsed="0.004219"/>
</kw>
<kw name="Capture Page Screenshot" owner="SeleniumLibrary">
<msg time="2025-01-30T17:30:08.528830" level="INFO" html="true">&lt;/td&gt;&lt;/tr&gt;&lt;tr&gt;&lt;td colspan="3"&gt;&lt;a href="selenium-screenshot-6.png"&gt;&lt;img src="selenium-screenshot-6.png" width="800px"&gt;&lt;/a&gt;</msg>
<doc>Takes a screenshot of the current page and embeds it into a log file.</doc>
<status status="PASS" start="2025-01-30T17:30:07.963992" elapsed="0.567218"/>
</kw>
<kw name="Sleep" owner="BuiltIn">
<msg time="2025-01-30T17:30:18.537577" level="INFO">Slept 10 seconds.</msg>
<arg>10</arg>
<doc>Pauses the test executed for the given time.</doc>
<status status="PASS" start="2025-01-30T17:30:08.533545" elapsed="10.007242"/>
</kw>
<status status="PASS" start="2025-01-30T17:29:47.126446" elapsed="31.419964"/>
</branch>
<branch type="EXCEPT">
<pattern>error_msg</pattern>
<kw name="Capture Page Screenshot" owner="SeleniumLibrary">
<doc>Takes a screenshot of the current page and embeds it into a log file.</doc>
<status status="NOT RUN" start="2025-01-30T17:30:18.550367" elapsed="0.001212"/>
</kw>
<kw name="Log" owner="BuiltIn">
<arg>Enter Password not found</arg>
<doc>Logs the given message with the given level.</doc>
<status status="NOT RUN" start="2025-01-30T17:30:18.570041" elapsed="0.001798"/>
</kw>
<kw name="Log" owner="BuiltIn">
<arg>error_msg</arg>
<doc>Logs the given message with the given level.</doc>
<status status="NOT RUN" start="2025-01-30T17:30:18.574855" elapsed="0.001957"/>
</kw>
<status status="NOT RUN" start="2025-01-30T17:30:18.548433" elapsed="0.029630"/>
</branch>
<branch type="FINALLY">
<kw name="Close Browser" owner="SeleniumLibrary">
<doc>Closes the current browser.</doc>
<status status="PASS" start="2025-01-30T17:30:18.582734" elapsed="2.544595"/>
</kw>
<status status="PASS" start="2025-01-30T17:30:18.579483" elapsed="2.549145"/>
</branch>
<status status="PASS" start="2025-01-30T17:29:47.125225" elapsed="34.004285"/>
</try>
<status status="PASS" start="2025-01-30T17:29:47.120108" elapsed="34.011821"/>
</test>
<status status="PASS" start="2025-01-30T17:29:44.647953" elapsed="36.490824"/>
</suite>
<statistics>
<total>
<stat pass="1" fail="0" skip="0">All Tests</stat>
</total>
<tag>
</tag>
<suite>
<stat name="Edureka" id="s1" pass="1" fail="0" skip="0">Edureka</stat>
</suite>
</statistics>
<errors>
</errors>
</robot>
